2025-04-22 14:39:31,416-INFO-DataProcessing Intialized
2025-04-22 14:39:33,224-INFO-Data loaded sucesfully for Data Processing
2025-04-22 14:39:33,544-INFO-Filtered users sucesfully...
2025-04-22 14:39:35,436-INFO-Scalind done for Processing 
2025-04-22 14:39:35,682-INFO-Encoding done for Users and Anime
2025-04-22 14:39:36,475-INFO-Data splitted sucesfullyy
2025-04-22 14:39:36,496-INFO-user2user_encoded saved sucesfully in processed directory
2025-04-22 14:39:36,517-INFO-user2user_decoded saved sucesfully in processed directory
2025-04-22 14:39:36,592-INFO-anim2anime_encoded saved sucesfully in processed directory
2025-04-22 14:39:36,676-INFO-anim2anime_decoded saved sucesfully in processed directory
2025-04-22 14:39:45,178-INFO-ALl the training testing data as well as rating_df is saved now..
2025-04-22 14:39:58,624-INFO-DF AND SYNOPSIS_Df saved sucesfullyy...
2025-04-22 14:39:58,627-INFO-Data Processing Pipeline Run sucesfully .... Congrats
2025-04-22 14:40:07,603-INFO-Model Training & COMET ML initialized..
2025-04-22 14:40:07,804-INFO-Data loaded sucesfully for Model Trainig
2025-04-22 14:40:07,854-INFO-Successfully read YAML file: config/config.yaml
2025-04-22 14:40:07,855-INFO-Loaded configuration from config.yaml
2025-04-22 14:40:08,776-ERROR-Error occurfed during model architecture module 'tensorflow.python.keras.layers' has no attribute 'BatchNormalization'
2025-04-22 14:40:08,776-ERROR-Error in c:\users\ramba\desktop\mlops project - 2\src\base_model.py, line 35 : Failed to create model
2025-04-22 14:44:57,605-INFO-DataProcessing Intialized
2025-04-22 14:44:59,370-INFO-Data loaded sucesfully for Data Processing
2025-04-22 14:44:59,611-INFO-Filtered users sucesfully...
2025-04-22 14:45:01,421-INFO-Scalind done for Processing 
2025-04-22 14:45:01,653-INFO-Encoding done for Users and Anime
2025-04-22 14:45:02,415-INFO-Data splitted sucesfullyy
2025-04-22 14:45:02,446-INFO-user2user_encoded saved sucesfully in processed directory
2025-04-22 14:45:02,461-INFO-user2user_decoded saved sucesfully in processed directory
2025-04-22 14:45:02,527-INFO-anim2anime_encoded saved sucesfully in processed directory
2025-04-22 14:45:02,592-INFO-anim2anime_decoded saved sucesfully in processed directory
2025-04-22 14:45:11,122-INFO-ALl the training testing data as well as rating_df is saved now..
2025-04-22 14:45:25,173-INFO-DF AND SYNOPSIS_Df saved sucesfullyy...
2025-04-22 14:45:25,181-INFO-Data Processing Pipeline Run sucesfully .... Congrats
2025-04-22 14:45:34,093-INFO-Model Training & COMET ML initialized..
2025-04-22 14:45:34,308-INFO-Data loaded sucesfully for Model Trainig
2025-04-22 14:45:34,355-INFO-Successfully read YAML file: config/config.yaml
2025-04-22 14:45:34,357-INFO-Loaded configuration from config.yaml
2025-04-22 14:45:35,179-INFO-Model created sucesfully....
2025-04-22 14:45:35,374-ERROR-CustomException.__init__() missing 1 required positional argument: 'error_detail'
2025-04-22 14:56:08,304-INFO-DataProcessing Intialized
2025-04-22 14:56:10,255-INFO-Data loaded sucesfully for Data Processing
2025-04-22 14:56:10,545-INFO-Filtered users sucesfully...
2025-04-22 14:56:12,465-INFO-Scalind done for Processing 
2025-04-22 14:56:12,724-INFO-Encoding done for Users and Anime
2025-04-22 14:56:13,532-INFO-Data splitted sucesfullyy
2025-04-22 14:56:13,552-INFO-user2user_encoded saved sucesfully in processed directory
2025-04-22 14:56:13,563-INFO-user2user_decoded saved sucesfully in processed directory
2025-04-22 14:56:13,629-INFO-anim2anime_encoded saved sucesfully in processed directory
2025-04-22 14:56:13,706-INFO-anim2anime_decoded saved sucesfully in processed directory
2025-04-22 14:56:22,702-INFO-ALl the training testing data as well as rating_df is saved now..
2025-04-22 14:56:36,690-INFO-DF AND SYNOPSIS_Df saved sucesfullyy...
2025-04-22 14:56:36,697-INFO-Data Processing Pipeline Run sucesfully .... Congrats
2025-04-22 14:56:44,979-INFO-Model Training & COMET ML initialized..
2025-04-22 14:56:45,190-INFO-Data loaded sucesfully for Model Trainig
2025-04-22 14:56:45,248-INFO-Successfully read YAML file: config/config.yaml
2025-04-22 14:56:45,248-INFO-Loaded configuration from config.yaml
2025-04-22 14:56:45,396-ERROR-Error occurfed during model architecture name 'model' is not defined
2025-04-22 14:56:45,396-ERROR-Error in c:\users\ramba\desktop\mlops project - 2\src\base_model.py, line 46 : Failed to create model
2025-04-22 14:58:27,098-INFO-DataProcessing Intialized
2025-04-22 14:58:28,862-INFO-Data loaded sucesfully for Data Processing
2025-04-22 14:58:29,122-INFO-Filtered users sucesfully...
2025-04-22 14:58:30,918-INFO-Scalind done for Processing 
2025-04-22 14:58:31,159-INFO-Encoding done for Users and Anime
2025-04-22 14:58:31,816-INFO-Data splitted sucesfullyy
2025-04-22 14:58:31,832-INFO-user2user_encoded saved sucesfully in processed directory
2025-04-22 14:58:31,858-INFO-user2user_decoded saved sucesfully in processed directory
2025-04-22 14:58:31,927-INFO-anim2anime_encoded saved sucesfully in processed directory
2025-04-22 14:58:31,991-INFO-anim2anime_decoded saved sucesfully in processed directory
2025-04-22 14:58:40,533-INFO-ALl the training testing data as well as rating_df is saved now..
2025-04-22 14:58:54,294-INFO-DF AND SYNOPSIS_Df saved sucesfullyy...
2025-04-22 14:58:54,298-INFO-Data Processing Pipeline Run sucesfully .... Congrats
2025-04-22 14:59:02,664-INFO-Model Training & COMET ML initialized..
2025-04-22 14:59:02,869-INFO-Data loaded sucesfully for Model Trainig
2025-04-22 14:59:02,912-INFO-Successfully read YAML file: config/config.yaml
2025-04-22 14:59:02,912-INFO-Loaded configuration from config.yaml
2025-04-22 14:59:03,066-INFO-Model created sucesfully....
2025-04-22 14:59:03,838-ERROR-Error in c:\users\ramba\desktop\mlops project - 2\src\model_training.py, line 84 : Model training failedd.....
2025-04-22 15:03:32,524-INFO-DataProcessing Intialized
2025-04-22 15:03:34,329-INFO-Data loaded sucesfully for Data Processing
2025-04-22 15:03:34,548-INFO-Filtered users sucesfully...
2025-04-22 15:03:36,332-INFO-Scalind done for Processing 
2025-04-22 15:03:36,594-INFO-Encoding done for Users and Anime
2025-04-22 15:03:37,347-INFO-Data splitted sucesfullyy
2025-04-22 15:03:37,370-INFO-user2user_encoded saved sucesfully in processed directory
2025-04-22 15:03:37,390-INFO-user2user_decoded saved sucesfully in processed directory
2025-04-22 15:03:37,448-INFO-anim2anime_encoded saved sucesfully in processed directory
2025-04-22 15:03:37,526-INFO-anim2anime_decoded saved sucesfully in processed directory
2025-04-22 15:03:46,100-INFO-ALl the training testing data as well as rating_df is saved now..
2025-04-22 15:04:00,167-INFO-DF AND SYNOPSIS_Df saved sucesfullyy...
2025-04-22 15:04:00,169-INFO-Data Processing Pipeline Run sucesfully .... Congrats
2025-04-22 15:04:08,489-INFO-Model Training & COMET ML initialized..
2025-04-22 15:04:08,704-INFO-Data loaded sucesfully for Model Trainig
2025-04-22 15:04:08,753-INFO-Successfully read YAML file: config/config.yaml
2025-04-22 15:04:08,753-INFO-Loaded configuration from config.yaml
2025-04-22 15:04:08,896-INFO-Model created sucesfully....
2025-04-22 15:04:08,896-ERROR-name 'lr_callback' is not defined
2025-04-22 15:06:29,207-INFO-DataProcessing Intialized
2025-04-22 15:06:30,925-INFO-Data loaded sucesfully for Data Processing
2025-04-22 15:06:31,180-INFO-Filtered users sucesfully...
2025-04-22 15:06:33,001-INFO-Scalind done for Processing 
2025-04-22 15:06:33,232-INFO-Encoding done for Users and Anime
2025-04-22 15:06:33,925-INFO-Data splitted sucesfullyy
2025-04-22 15:06:33,933-INFO-user2user_encoded saved sucesfully in processed directory
2025-04-22 15:06:33,955-INFO-user2user_decoded saved sucesfully in processed directory
2025-04-22 15:06:34,027-INFO-anim2anime_encoded saved sucesfully in processed directory
2025-04-22 15:06:34,092-INFO-anim2anime_decoded saved sucesfully in processed directory
2025-04-22 15:06:42,566-INFO-ALl the training testing data as well as rating_df is saved now..
2025-04-22 15:06:56,157-INFO-DF AND SYNOPSIS_Df saved sucesfullyy...
2025-04-22 15:06:56,173-INFO-Data Processing Pipeline Run sucesfully .... Congrats
2025-04-22 15:07:04,523-INFO-Model Training & COMET ML initialized..
2025-04-22 15:07:04,735-INFO-Data loaded sucesfully for Model Trainig
2025-04-22 15:07:04,789-INFO-Successfully read YAML file: config/config.yaml
2025-04-22 15:07:04,789-INFO-Loaded configuration from config.yaml
2025-04-22 15:07:04,941-INFO-Model created sucesfully....
2025-04-22 15:07:05,711-ERROR-Error in c:\users\ramba\desktop\mlops project - 2\src\model_training.py, line 94 : Model training failedd.....
2025-04-22 15:09:43,044-INFO-DataProcessing Intialized
2025-04-22 15:09:44,887-INFO-Data loaded sucesfully for Data Processing
2025-04-22 15:09:45,141-INFO-Filtered users sucesfully...
2025-04-22 15:09:46,935-INFO-Scalind done for Processing 
2025-04-22 15:09:47,174-INFO-Encoding done for Users and Anime
2025-04-22 15:09:47,870-INFO-Data splitted sucesfullyy
2025-04-22 15:09:47,892-INFO-user2user_encoded saved sucesfully in processed directory
2025-04-22 15:09:47,904-INFO-user2user_decoded saved sucesfully in processed directory
2025-04-22 15:09:47,976-INFO-anim2anime_encoded saved sucesfully in processed directory
2025-04-22 15:09:48,042-INFO-anim2anime_decoded saved sucesfully in processed directory
2025-04-22 15:09:56,748-INFO-ALl the training testing data as well as rating_df is saved now..
2025-04-22 15:10:10,884-INFO-DF AND SYNOPSIS_Df saved sucesfullyy...
2025-04-22 15:10:10,888-INFO-Data Processing Pipeline Run sucesfully .... Congrats
2025-04-22 15:10:19,716-INFO-Model Training & COMET ML initialized..
2025-04-22 15:10:19,920-INFO-Data loaded sucesfully for Model Trainig
2025-04-22 15:10:19,966-INFO-Successfully read YAML file: config/config.yaml
2025-04-22 15:10:19,966-INFO-Loaded configuration from config.yaml
2025-04-22 15:10:20,112-ERROR-Error occurfed during model architecture `keras.optimizers.legacy` is not supported in Keras 3. When using `tf.keras`, to continue using a `tf.keras.optimizers.legacy` optimizer, you can install the `tf_keras` package (Keras 2) and set the environment variable `TF_USE_LEGACY_KERAS=True` to configure TensorFlow to use `tf_keras` when accessing `tf.keras`.
2025-04-22 15:10:20,112-ERROR-Error in c:\users\ramba\desktop\mlops project - 2\src\base_model.py, line 48 : Failed to create model
2025-04-22 15:12:45,772-WARNING-From C:\Users\ramba\Desktop\MLOPS PROJECT - 2\venv\Lib\site-packages\keras\src\losses.py:2976: The name tf.losses.sparse_softmax_cross_entropy is deprecated. Please use tf.compat.v1.losses.sparse_softmax_cross_entropy instead.

2025-04-22 15:17:03,666-INFO-Model Training & COMET ML initialized..
2025-04-22 15:17:03,911-INFO-Data loaded sucesfully for Model Trainig
2025-04-22 15:17:03,966-INFO-Successfully read YAML file: config/config.yaml
2025-04-22 15:17:03,966-INFO-Loaded configuration from config.yaml
2025-04-22 15:17:04,105-ERROR-Error occurfed during model architecture `keras.optimizers.legacy` is not supported in Keras 3. When using `tf.keras`, to continue using a `tf.keras.optimizers.legacy` optimizer, you can install the `tf_keras` package (Keras 2) and set the environment variable `TF_USE_LEGACY_KERAS=True` to configure TensorFlow to use `tf_keras` when accessing `tf.keras`.
2025-04-22 15:17:04,105-ERROR-Error in c:\users\ramba\desktop\mlops project - 2\src\base_model.py, line 48 : Failed to create model
2025-04-22 15:18:15,634-INFO-Model Training & COMET ML initialized..
2025-04-22 15:18:15,825-INFO-Data loaded sucesfully for Model Trainig
2025-04-22 15:18:15,876-INFO-Successfully read YAML file: config/config.yaml
2025-04-22 15:18:15,876-INFO-Loaded configuration from config.yaml
2025-04-22 15:18:16,053-INFO-Model created sucesfully....
2025-04-22 15:19:21,654-INFO-Model training Completedd.....
2025-04-22 15:19:21,656-WARNING-You are saving your model as an HDF5 file via `model.save()` or `keras.saving.save_model(model)`. This file format is considered legacy. We recommend using instead the native Keras format, e.g. `model.save('my_model.keras')` or `keras.saving.save_model(model, 'my_model.keras')`. 
2025-04-22 15:19:21,719-INFO-Model saved to artifacts/model\model.h5
2025-04-22 15:19:21,730-INFO-Extracting weights for user_embedding
2025-04-22 15:19:21,739-INFO-Extracting weights for anime_embedding
2025-04-22 15:19:21,802-INFO-User and Anime weights saved sucesfully....
